<?xml version="1.1" encoding="UTF-8"?>
<testsuite name="dummy.TestToTest" tests="1" failures="0" errors="0" timestamp="2014-07-22T17:54:15" hostname="Salazar" time="0.002">
  <properties/>
  <testcase name="testTest" classname="dummy.TestToTest" time="0.002"/>
  <system-out><![CDATA[]]></system-out>
  <system-err><![CDATA[]]></system-err>
</testsuite>
